[preview.uideck.com/items/inspire-pro/default/index.html]
[backblue.gif]
[fade.gif]
[index.html]
[preview.uideck.com/items/inspire-pro/default/assets/css/bootstrap.min.css]
[preview.uideck.com/items/inspire-pro/default/assets/fonts/line-icons.css]
[preview.uideck.com/items/inspire-pro/default/assets/plugins/morris/morris.css]
[preview.uideck.com/items/inspire-pro/default/assets/css/main.css]
[preview.uideck.com/items/inspire-pro/default/assets/css/responsive.css]
[preview.uideck.com/items/inspire-pro/default/index-2.html]
[preview.uideck.com/items/inspire-pro/default/assets/img/logo.png]
[preview.uideck.com/items/inspire-pro/default/assets/img/logo-text.png]
[preview.uideck.com/items/inspire-pro/default/assets/img/users/avatar-1.jpg]
[preview.uideck.com/items/inspire-pro/default/assets/img/users/avatar-2.jpg]
[preview.uideck.com/items/inspire-pro/default/assets/img/users/avatar-3.jpg]
[preview.uideck.com/items/inspire-pro/default/assets/img/avatar/avatar.jpg]
[preview.uideck.com/items/inspire-pro/default/index-3.html]
[preview.uideck.com/items/inspire-pro/default/email.html]
[preview.uideck.com/items/inspire-pro/default/calendar.html]
[preview.uideck.com/items/inspire-pro/default/chat-app.html]
[preview.uideck.com/items/inspire-pro/default/contact.html]
[preview.uideck.com/items/inspire-pro/default/alert.html]
[preview.uideck.com/items/inspire-pro/default/badge.html]
[preview.uideck.com/items/inspire-pro/default/buttons.html]
[preview.uideck.com/items/inspire-pro/default/cards.html]
[preview.uideck.com/items/inspire-pro/default/lists.html]
[preview.uideck.com/items/inspire-pro/default/typography.html]
[preview.uideck.com/items/inspire-pro/default/accordion.html]
[preview.uideck.com/items/inspire-pro/default/carousel.html]
[preview.uideck.com/items/inspire-pro/default/dropdown.html]
[preview.uideck.com/items/inspire-pro/default/modals.html]
[preview.uideck.com/items/inspire-pro/default/notifications.html]
[preview.uideck.com/items/inspire-pro/default/popover.html]
[preview.uideck.com/items/inspire-pro/default/slider-progress.html]
[preview.uideck.com/items/inspire-pro/default/tabs.html]
[preview.uideck.com/items/inspire-pro/default/tooltips.html]
[preview.uideck.com/items/inspire-pro/default/line-icons.html]
[preview.uideck.com/items/inspire-pro/default/fontawesome-icons.html]
[preview.uideck.com/items/inspire-pro/default/form-elements.html]
[preview.uideck.com/items/inspire-pro/default/material-icons.html]
[preview.uideck.com/items/inspire-pro/default/form-layouts.html]
[preview.uideck.com/items/inspire-pro/default/form-validation.html]
[preview.uideck.com/items/inspire-pro/default/basic-table.html]
[preview.uideck.com/items/inspire-pro/default/data-table.html]
[preview.uideck.com/items/inspire-pro/default/charts-morris.html]
[preview.uideck.com/items/inspire-pro/default/chartjs.html]
[preview.uideck.com/items/inspire-pro/default/charts-flot.html]
[preview.uideck.com/items/inspire-pro/default/google-map.html]
[preview.uideck.com/items/inspire-pro/default/vector-map.html]
[preview.uideck.com/items/inspire-pro/default/profile.html]
[preview.uideck.com/items/inspire-pro/default/invoice.html]
[preview.uideck.com/items/inspire-pro/default/faq.html]
[preview.uideck.com/items/inspire-pro/default/login.html]
[preview.uideck.com/items/inspire-pro/default/sign-up.html]
[preview.uideck.com/items/inspire-pro/default/404.html]
[preview.uideck.com/items/inspire-pro/default/assets/img/avatar/user1.png]
[preview.uideck.com/items/inspire-pro/default/assets/img/avatar/user2.png]
[preview.uideck.com/items/inspire-pro/default/assets/img/avatar/user3.png]
[preview.uideck.com/items/inspire-pro/default/assets/img/avatar/user4.png]
[preview.uideck.com/items/inspire-pro/default/assets/img/event/img-1.jpg]
[preview.uideck.com/items/inspire-pro/default/assets/img/event/img-2.jpg]
[preview.uideck.com/items/inspire-pro/default/assets/js/jquery.app.js]
[preview.uideck.com/items/inspire-pro/default/assets/js/popper.min.js]
[preview.uideck.com/items/inspire-pro/default/assets/js/main.js]
[preview.uideck.com/items/inspire-pro/default/assets/js/bootstrap.min.js]
[preview.uideck.com/items/inspire-pro/default/index.html]
[preview.uideck.com/items/inspire-pro/default/assets/js/dashborad1.js]
[preview.uideck.com/items/inspire-pro/default/assets/css/bootstrap.min.css]
[preview.uideck.com/items/inspire-pro/default/assets/js/jquery-min.js]
[preview.uideck.com/items/inspire-pro/default/assets/plugins/morris/morris.min.js]
[preview.uideck.com/items/inspire-pro/default/assets/plugins/raphael/raphael-min.js]
[preview.uideck.com/items/inspire-pro/default/assets/fonts/LineIconsa7fb.ttf]
[preview.uideck.com/items/inspire-pro/default/assets/fonts/LineIconsa7fb.svg]
[preview.uideck.com/items/inspire-pro/default/assets/fonts/line-icons.css]
[preview.uideck.com/items/inspire-pro/default/assets/plugins/morris/morris.css]
[preview.uideck.com/items/inspire-pro/default/assets/css/main.css]
[preview.uideck.com/items/inspire-pro/default/assets/css/responsive.css]
[preview.uideck.com/items/inspire-pro/default/index-2.html]
[preview.uideck.com/items/inspire-pro/default/assets/fonts/LineIconsa7fb.eot]
[preview.uideck.com/items/inspire-pro/default/assets/img/properties/img1.jpg]
[preview.uideck.com/items/inspire-pro/default/assets/img/properties/img2.jpg]
[preview.uideck.com/items/inspire-pro/default/assets/fonts/LineIconsa7fb.woff]
[preview.uideck.com/items/inspire-pro/default/assets/img/properties/img3.jpg]
[preview.uideck.com/items/inspire-pro/default/assets/img/properties/img4.jpg]
[preview.uideck.com/items/inspire-pro/default/assets/img/profile/user-bg.jpg]
[preview.uideck.com/items/inspire-pro/default/assets/img/profile/user1.jpg]
[preview.uideck.com/items/inspire-pro/default/index-3.html]
[preview.uideck.com/items/inspire-pro/default/assets/js/dashborad2.js]
[preview.uideck.com/items/inspire-pro/default/email-compose.html]
[preview.uideck.com/items/inspire-pro/default/email.html]
[preview.uideck.com/items/inspire-pro/default/email-read.html]
[preview.uideck.com/items/inspire-pro/default/assets/plugins/fullcalendar/css/fullcalendar.min.css]
[preview.uideck.com/items/inspire-pro/default/assets/plugins/moment/moment.js]
[preview.uideck.com/items/inspire-pro/default/assets/plugins/fullcalendar/js/fullcalendar.min.js]
[preview.uideck.com/items/inspire-pro/default/assets/js/calendar-init.js]
[preview.uideck.com/items/inspire-pro/default/calendar.html]
[preview.uideck.com/items/inspire-pro/default/assets/plugins/jquery-ui/jquery-ui.min.js]
[preview.uideck.com/items/inspire-pro/default/assets/img/users/1.jpg]
[preview.uideck.com/items/inspire-pro/default/assets/img/users/2.jpg]
[preview.uideck.com/items/inspire-pro/default/assets/img/users/3.jpg]
[preview.uideck.com/items/inspire-pro/default/assets/img/users/4.jpg]
[preview.uideck.com/items/inspire-pro/default/assets/img/users/5.jpg]
[preview.uideck.com/items/inspire-pro/default/assets/img/users/6.jpg]
[preview.uideck.com/items/inspire-pro/default/assets/img/users/7.jpg]
[preview.uideck.com/items/inspire-pro/default/assets/img/users/8.jpg]
[preview.uideck.com/items/inspire-pro/default/chat-app.html]
[preview.uideck.com/items/inspire-pro/default/contact.html]
[preview.uideck.com/items/inspire-pro/default/alert.html]
[preview.uideck.com/items/inspire-pro/default/badge.html]
[preview.uideck.com/items/inspire-pro/default/buttons.html]
[preview.uideck.com/items/inspire-pro/default/assets/img/card/img-1.jpg]
[preview.uideck.com/items/inspire-pro/default/assets/img/card/img-2.jpg]
[preview.uideck.com/items/inspire-pro/default/assets/img/card/img-3.jpg]
[preview.uideck.com/items/inspire-pro/default/cards.html]
[preview.uideck.com/items/inspire-pro/default/lists.html]
[preview.uideck.com/items/inspire-pro/default/typography.html]
[preview.uideck.com/items/inspire-pro/default/accordion.html]
[preview.uideck.com/items/inspire-pro/default/assets/img/carousel/img-1.jpg]
[preview.uideck.com/items/inspire-pro/default/assets/img/carousel/img-2.jpg]
[preview.uideck.com/items/inspire-pro/default/assets/img/carousel/img-3.jpg]
[preview.uideck.com/items/inspire-pro/default/assets/img/carousel/img-4.jpg]
[preview.uideck.com/items/inspire-pro/default/assets/img/carousel/img-5.jpg]
[preview.uideck.com/items/inspire-pro/default/assets/img/carousel/img-6.jpg]
[preview.uideck.com/items/inspire-pro/default/carousel.html]
[preview.uideck.com/items/inspire-pro/default/dropdown.html]
[preview.uideck.com/items/inspire-pro/default/modals.html]
[preview.uideck.com/items/inspire-pro/default/notifications.html]
[preview.uideck.com/items/inspire-pro/default/popover.html]
[preview.uideck.com/items/inspire-pro/default/slider-progress.html]
[preview.uideck.com/items/inspire-pro/default/tabs.html]
[preview.uideck.com/items/inspire-pro/default/tooltips.html]
[preview.uideck.com/items/inspire-pro/default/assets/css/icons.css]
[preview.uideck.com/items/inspire-pro/default/line-icons.html]
[preview.uideck.com/items/inspire-pro/default/fontawesome-icons.html]
[preview.uideck.com/items/inspire-pro/default/material-icons.html]
[preview.uideck.com/items/inspire-pro/default/form-elements.html]
[preview.uideck.com/items/inspire-pro/default/icons.html]
[preview.uideck.com/items/inspire-pro/default/form-layouts.html]
[preview.uideck.com/items/inspire-pro/default/form-validation.html]
[preview.uideck.com/items/inspire-pro/default/basic-table.html]
[preview.uideck.com/items/inspire-pro/default/assets/plugins/datatables/dataTables.bootstrap4.min.css]
[preview.uideck.com/items/inspire-pro/default/assets/plugins/datatables/buttons.bootstrap4.min.css]
[preview.uideck.com/items/inspire-pro/default/assets/plugins/datatables/responsive.bootstrap4.min.css]
[preview.uideck.com/items/inspire-pro/default/assets/plugins/datatables/jquery.dataTables.min.js]
[preview.uideck.com/items/inspire-pro/default/assets/plugins/datatables/dataTables.bootstrap4.min.js]
[preview.uideck.com/items/inspire-pro/default/assets/plugins/datatables/dataTables.buttons.min.js]
[preview.uideck.com/items/inspire-pro/default/assets/plugins/datatables/buttons.bootstrap4.min.js]
[preview.uideck.com/items/inspire-pro/default/assets/plugins/datatables/jszip.min.js]
[preview.uideck.com/items/inspire-pro/default/assets/plugins/datatables/buttons.html5.min.js]
[preview.uideck.com/items/inspire-pro/default/assets/plugins/datatables/pdfmake.min.js]
[preview.uideck.com/items/inspire-pro/default/assets/plugins/datatables/buttons.print.min.js]
[preview.uideck.com/items/inspire-pro/default/assets/plugins/datatables/buttons.colVis.min.js]
[preview.uideck.com/items/inspire-pro/default/assets/plugins/datatables/dataTables.responsive.min.js]
[preview.uideck.com/items/inspire-pro/default/assets/plugins/datatables/responsive.bootstrap4.min.js]
[preview.uideck.com/items/inspire-pro/default/data-table.html]
[preview.uideck.com/items/inspire-pro/default/assets/js/datatables.init.js]
[preview.uideck.com/items/inspire-pro/default/charts-morris.html]
[preview.uideck.com/items/inspire-pro/default/assets/js/morris.init.js]
[preview.uideck.com/items/inspire-pro/default/chartjs.html]
[preview.uideck.com/items/inspire-pro/default/assets/js/chartjs.init.js]
[preview.uideck.com/items/inspire-pro/default/assets/plugins/flot-chart/jquery.flot.time.js]
[preview.uideck.com/items/inspire-pro/default/assets/plugins/flot-chart/jquery.flot.min.js]
[preview.uideck.com/items/inspire-pro/default/assets/plugins/chart.js/chart.min.js]
[preview.uideck.com/items/inspire-pro/default/assets/plugins/flot-chart/jquery.flot.tooltip.min.js]
[preview.uideck.com/items/inspire-pro/default/assets/plugins/flot-chart/jquery.flot.resize.js]
[preview.uideck.com/items/inspire-pro/default/assets/plugins/flot-chart/jquery.flot.pie.js]
[preview.uideck.com/items/inspire-pro/default/assets/plugins/flot-chart/jquery.flot.selection.js]
[preview.uideck.com/items/inspire-pro/default/assets/plugins/flot-chart/jquery.flot.stack.js]
[preview.uideck.com/items/inspire-pro/default/assets/plugins/flot-chart/curvedLines.js]
[preview.uideck.com/items/inspire-pro/default/assets/plugins/flot-chart/jquery.flot.crosshair.js]
[preview.uideck.com/items/inspire-pro/default/charts-flot.html]
[preview.uideck.com/items/inspire-pro/default/assets/plugins/datatables/vfs_fonts.js]
[preview.uideck.com/items/inspire-pro/default/assets/js/flot.init.js]
[preview.uideck.com/items/inspire-pro/default/assets/js/gmaps.min.js]
[preview.uideck.com/items/inspire-pro/default/google-map.html]
[preview.uideck.com/items/inspire-pro/default/assets/js/gmaps.js]
[preview.uideck.com/items/inspire-pro/default/assets/css/animate.css]
[preview.uideck.com/items/inspire-pro/default/assets/css/jquery-jvectormap-2.0.2.css]
[preview.uideck.com/items/inspire-pro/default/assets/plugins/jvectormap/jquery-jvectormap-2.0.2.min.js]
[preview.uideck.com/items/inspire-pro/default/assets/plugins/jvectormap/gdp-data.js]
[preview.uideck.com/items/inspire-pro/default/assets/plugins/jvectormap/jquery-jvectormap-world-mill-en.js]
[preview.uideck.com/items/inspire-pro/default/assets/plugins/jvectormap/jquery-jvectormap-uk-mill-en.js]
[preview.uideck.com/items/inspire-pro/default/assets/plugins/jvectormap/jquery-jvectormap-us-aea-en.js]
[preview.uideck.com/items/inspire-pro/default/assets/plugins/jvectormap/jquery-jvectormap-au-mill.js]
[preview.uideck.com/items/inspire-pro/default/assets/plugins/jvectormap/jquery-jvectormap-us-il-chicago-mill-en.js]
[preview.uideck.com/items/inspire-pro/default/assets/plugins/jvectormap/jquery-jvectormap-ca-lcc.js]
[preview.uideck.com/items/inspire-pro/default/assets/plugins/jvectormap/jquery-jvectormap-de-mill.js]
[preview.uideck.com/items/inspire-pro/default/vector-map.html]
[preview.uideck.com/items/inspire-pro/default/assets/js/jquery.jvectormap.init.js]
[preview.uideck.com/items/inspire-pro/default/assets/img/profile/avatar.jpg]
[preview.uideck.com/items/inspire-pro/default/assets/plugins/jvectormap/jquery-jvectormap-asia-mill.js]
[preview.uideck.com/items/inspire-pro/default/assets/plugins/jvectormap/jquery-jvectormap-in-mill.js]
[preview.uideck.com/items/inspire-pro/default/assets/img/profile/shopping-bag.png]
[preview.uideck.com/items/inspire-pro/default/profile.html]
[preview.uideck.com/items/inspire-pro/default/invoice.html]
[preview.uideck.com/items/inspire-pro/default/faq.html]
[preview.uideck.com/items/inspire-pro/default/login.html]
[preview.uideck.com/items/inspire-pro/default/sign-up.html]
[preview.uideck.com/items/inspire-pro/default/404.html]
[preview.uideck.com/items/inspire-pro/default/assets/fonts/LineIconsa7fb.svg]
[preview.uideck.com/items/inspire-pro/default/forgot-password.html]
[preview.uideck.com/items/inspire-pro/default/email-compose.html]
[preview.uideck.com/items/inspire-pro/default/email-read.html]
[preview.uideck.com/items/inspire-pro/default/assets/plugins/fullcalendar/css/fullcalendar.min.css]
[preview.uideck.com/items/inspire-pro/default/assets/fonts/fontawesome-webfont3e6e.eot]
[preview.uideck.com/items/inspire-pro/default/assets/fonts/fontawesome-webfontd41d.eot]
[preview.uideck.com/items/inspire-pro/default/assets/fonts/fontawesome-webfont3e6e.woff2]
[preview.uideck.com/items/inspire-pro/default/assets/plugins/tinymce/tinymce.min.js]
[preview.uideck.com/items/inspire-pro/default/assets/fonts/fontawesome-webfont3e6e.ttf]
[preview.uideck.com/items/inspire-pro/default/assets/fonts/fontawesome-webfont3e6e.svg]
[preview.uideck.com/items/inspire-pro/default/assets/fonts/fontawesome-webfont3e6e.woff]
[preview.uideck.com/items/inspire-pro/default/assets/fonts/materialdesignicons-webfont6c9c.woff2]
[preview.uideck.com/items/inspire-pro/default/assets/fonts/materialdesignicons-webfont6c9c.eot]
[preview.uideck.com/items/inspire-pro/default/assets/fonts/materialdesignicons-webfont6c9c.ttf]
[preview.uideck.com/items/inspire-pro/default/assets/fonts/materialdesignicons-webfontd41d.eot]
[preview.uideck.com/items/inspire-pro/default/assets/fonts/materialdesignicons-webfont6c9c.svg]
[preview.uideck.com/items/inspire-pro/default/assets/fonts/ioniconsaa26.ttf]
[preview.uideck.com/items/inspire-pro/default/assets/fonts/ioniconsaa26.eot]
[preview.uideck.com/items/inspire-pro/default/assets/fonts/materialdesignicons-webfont6c9c.woff]
[preview.uideck.com/items/inspire-pro/default/assets/fonts/ioniconsaa26.svg]
[preview.uideck.com/items/inspire-pro/default/assets/fonts/ioniconsaa26.woff]
[preview.uideck.com/items/inspire-pro/default/assets/fonts/themify9f24.eot]
[preview.uideck.com/items/inspire-pro/default/assets/fonts/themifyd41d.eot]
[preview.uideck.com/items/inspire-pro/default/assets/fonts/themify9f24.woff]
[preview.uideck.com/items/inspire-pro/default/assets/fonts/themify9f24.ttf]
[preview.uideck.com/items/inspire-pro/default/assets/fonts/themify9f24.svg]
[preview.uideck.com/items/inspire-pro/default/assets/fonts/dripicons-v2.eot]
[preview.uideck.com/items/inspire-pro/default/assets/fonts/dripicons-v2.woff]
[preview.uideck.com/items/inspire-pro/default/assets/fonts/dripicons-v2d41d.eot]
[preview.uideck.com/items/inspire-pro/default/assets/fonts/dripicons-v2.ttf]
[preview.uideck.com/items/inspire-pro/default/assets/fonts/dripicons-v2.svg]
[preview.uideck.com/items/inspire-pro/default/assets/fonts/typicons.ttf]
[preview.uideck.com/items/inspire-pro/default/assets/fonts/typicons.eot]
[preview.uideck.com/items/inspire-pro/default/assets/fonts/typicons.woff]
[preview.uideck.com/items/inspire-pro/default/assets/css/icons.css]
[preview.uideck.com/items/inspire-pro/default/icons.html]
[preview.uideck.com/items/inspire-pro/default/assets/plugins/datatables/dataTables.bootstrap4.min.css]
[preview.uideck.com/items/inspire-pro/default/assets/plugins/datatables/buttons.bootstrap4.min.css]
[preview.uideck.com/items/inspire-pro/default/assets/plugins/datatables/responsive.bootstrap4.min.css]
[preview.uideck.com/items/inspire-pro/default/assets/css/animate.html]
[preview.uideck.com/items/inspire-pro/default/assets/css/jquery-jvectormap-2.0.2.css]
[preview.uideck.com/items/inspire-pro/default/forgot-password.html]
[preview.uideck.com/items/inspire-pro/default/assets/fonts/fontawesome-webfont3e6e.svg]
[preview.uideck.com/items/inspire-pro/default/assets/fonts/typiconsd41d.eot]
[preview.uideck.com/items/inspire-pro/default/assets/fonts/typicons.svg]
[preview.uideck.com/items/inspire-pro/default/assets/fonts/materialdesignicons-webfont6c9c.svg]
[preview.uideck.com/items/inspire-pro/default/assets/fonts/ioniconsaa26.svg]
[preview.uideck.com/items/inspire-pro/default/assets/fonts/themify9f24.svg]
[preview.uideck.com/items/inspire-pro/default/assets/fonts/dripicons-v2.svg]
[preview.uideck.com/items/inspire-pro/default/assets/fonts/typicons.svg]
